<?xml version="1.0" encoding="UTF-8"?>
<!-- Generated by org.testng.reporters.JUnitReportReporter -->
<testsuite hostname="DESKTOP-EMOO80V" failures="0" tests="1" name="com.inetBanking.testCases.TC_AddCustomer_002" time="82.758" errors="0" timestamp="2022-07-26T12:06:21 IST" skipped="0">
  <testcase classname="com.inetBanking.testCases.TC_AddCustomer_002" name="AddCustomer" time="82.758"/>
  <system-out/>
</testsuite> <!-- com.inetBanking.testCases.TC_AddCustomer_002 -->
